<?xml version="1.0" encoding="UTF-8"?>
<!-- Generated by org.testng.reporters.JUnitReportReporter -->
<testsuite hostname="LTIN183899" failures="0" tests="4" name="TestCases.CourseraTest1" time="17.203" errors="0" timestamp="2024-03-23T17:10:05 IST" skipped="0">
  <testcase classname="TestCases.CourseraTest1" name="homePage1" time="5.432"/>
  <testcase classname="TestCases.CourseraTest1" name="homePage1" time="6.738"/>
  <testcase classname="TestCases.CourseraTest1" name="webDevelopmentCourses" time="2.470"/>
  <testcase classname="TestCases.CourseraTest1" name="webDevelopmentCourses" time="2.563"/>
</testsuite> <!-- TestCases.CourseraTest1 -->
